2018-07-01 19:09:20：HTTP/1.1 200 OK
Server: openresty
Date: Sun, 01 Jul 2018 11:23:38 GMT
Content-Type: text/html;charset=UTF-8
Content-Length: 459
Accept: */*
Accept-Encoding: deflate, gzip
BlueWareGuid: 1a1cdebe3a04fde8
breadcrumbId: ID-ahmobile64-21224-1528982642014-0-627556328
clientVersion: 5.1.4
Content-Encoding: gzip
Content-Language: zh-CN
eip_serv_id: app.ssoLogin
Expires: 0
imei: nbNj5ZcDziH3IhrMd7tZAdygUP7SnOLl2rRXMidGlUB70yd9ga0/6Fhp46s1boCRBj1Vp2H/AAfyRQhUdb9fGAQxiKC5FRhj/TyjHd7C3kNbyQyVAlg32hmwPYdm+Cdkcy56HFwGhR1vnGovFbJ+OrGYVoUgiR4wcpK+1DzC3vE=
imsi: DXPhHanFLe/CrvgmvvQkDJqxwKyZr4Rns3ruxbfly7u48ysUVxGxYmmtM7GYfZz+phsKKOmZAGBUP9Evk09sWyaCoOejs3rg5upfJBNM+fffJMslRs85XPF8n/SQ4xyHj3sfuv/x8wkBU6a//+RbFvk5dmeXBW6ZEH4bfN/Tubc=
loginClass: 4
msgFlag: 0
paramType: 1
postman-token: 75237515-571f-66f1-2675-863b18d1dad0
Set-Cookie: JSESSIONID_ahmobile=25954a1b-b829-403f-9583-345dfeb5dcfb; HttpOnly; path=/;
Set-Cookie: zt_ah=8a49a3268d94994e83ca866e2ae307da; expires=Sun, 01-Jul-2018 11:38:38 GMT; path=/; secure
token: 8370d4cd5f3cbc80bc1a64d75f7630ee
type: 0
userIn.phone_no: 15256587052
userIn.userPasswd: kJb479t/iRY7gkdgdF9tMsyxKkPwsbzFgoRqhI3VlcfyQKwPIs9eIT4SGkS94wcNCNvmqd3ky8z2nPNFaYqd6f98CEs3s3FpTPe+Yg28qpgEx6tPA4MBcoygmT7EDzeGy2OMqTebeweVrpoX8Lqr8hAX31H3d7G08bgbJobAf/E=
X-BlueWare-App-Data: Olx7QXdjeFoQETA0NUEzBBkPNg0IESw+YQEuBEcyJhcCRzsFBDJ6ChIRDg0pOzRUHmRleFERfkhaQGRLV01yUn9reFpcMzk6TRFjC1sNMRwDG3EDfmY8Eld+dws=
X-Forwarded-For: 222.65.209.232
ytnb: true
Set-Cookie: ZhangTing_g=ZhangTing_04
Connection: Keep-alive
Via: 1.1 ID-0314217266170452 uproxy-39

{"activitiesId":"A_WODECHOUJIANG,A_WODEYOUHUIQUAN,A_QIANDAONEW,A_QIANDAO343,A_YAOQINGHAOYOU","areaCode":"11","checkFlag":null,"checkTips":null,"date":"2018-07-01 19:23:38","errorMsg":null,"hasError":null,"idNo":"CO+6hU7wlmGUclkOTcV6CUbokqZ\/fmQ+0qf5r9qEJKb3W4g76W3JBBreAqSPqGqRlhdSHUDn7R+Hmh0a6EQ7xAtBC9rrxJRBFF5WhSnBpXWU8BeR3Wh6mXoLopPCZoONrR\/sdmSKDOpukhXwQKF062XewsusHyGXPto07OnbYXk=","message":null,"name":"＊＊伟","phoneNo":"15256587052","result":"o","sessionId":"sso_backup_07!!xuVVlX-60ilL8Ti1sKIoqgx2X0hbT-K_8DiG2iMa3el2OMT6pgpY!960131191","url":null}

2018-07-01 19:10:03：HTTP/1.1 200 OK
Server: openresty
Date: Sun, 01 Jul 2018 11:24:21 GMT
Content-Type: text/html;charset=UTF-8
Content-Length: 457
Accept: */*
Accept-Encoding: deflate, gzip
BlueWareGuid: 50c58d9e9243748e
breadcrumbId: ID-ahmobile73-15553-1528983063171-0-627400591
clientVersion: 5.1.4
Content-Encoding: gzip
Content-Language: zh-CN
eip_serv_id: app.ssoLogin
Expires: 0
imei: nbNj5ZcDziH3IhrMd7tZAdygUP7SnOLl2rRXMidGlUB70yd9ga0/6Fhp46s1boCRBj1Vp2H/AAfyRQhUdb9fGAQxiKC5FRhj/TyjHd7C3kNbyQyVAlg32hmwPYdm+Cdkcy56HFwGhR1vnGovFbJ+OrGYVoUgiR4wcpK+1DzC3vE=
imsi: DXPhHanFLe/CrvgmvvQkDJqxwKyZr4Rns3ruxbfly7u48ysUVxGxYmmtM7GYfZz+phsKKOmZAGBUP9Evk09sWyaCoOejs3rg5upfJBNM+fffJMslRs85XPF8n/SQ4xyHj3sfuv/x8wkBU6a//+RbFvk5dmeXBW6ZEH4bfN/Tubc=
loginClass: 4
msgFlag: 0
paramType: 1
postman-token: 75237515-571f-66f1-2675-863b18d1dad0
Set-Cookie: JSESSIONID_ahmobile=c2f824bd-ea70-4240-aa69-f63107b1ad91; HttpOnly; path=/;
Set-Cookie: zt_ah=6dd6c2720fb41f0152e796554e023767; expires=Sun, 01-Jul-2018 11:39:21 GMT; path=/; secure
token: 8370d4cd5f3cbc80bc1a64d75f7630ee
type: 0
userIn.phone_no: 15256587052
userIn.userPasswd: kJb479t/iRY7gkdgdF9tMsyxKkPwsbzFgoRqhI3VlcfyQKwPIs9eIT4SGkS94wcNCNvmqd3ky8z2nPNFaYqd6f98CEs3s3FpTPe+Yg28qpgEx6tPA4MBcoygmT7EDzeGy2OMqTebeweVrpoX8Lqr8hAX31H3d7G08bgbJobAf/E=
X-BlueWare-App-Data: Olx7QXtqeFoQETA0NUEzBBkPNg0IESw+YQEuBEcyJhcCRzsFBDJ6ChIRDg0pOzRUHmRleFERfkhaQGdAVkhwV35keFpcMzk6TRFnWglbbR1YG3tQemFtQgojdws=
X-Forwarded-For: 222.65.209.232
ytnb: true
Set-Cookie: ZhangTing_g=ZhangTing_03
Connection: Keep-alive
Via: 1.1 ID-0314217266170452 uproxy-29

{"activitiesId":"A_WODECHOUJIANG,A_WODEYOUHUIQUAN,A_QIANDAONEW,A_QIANDAO343,A_YAOQINGHAOYOU","areaCode":"11","checkFlag":null,"checkTips":null,"date":"2018-07-01 19:24:21","errorMsg":null,"hasError":null,"idNo":"kh\/46KtbIe757fAwPxBEhuB+ouiMVSZ2mfsfgm\/Fq6aGqhm5VoCpo0vvuik\/IyCVwOE1aB+K7\/XxR1OsosV21n5TfVe7Z2hCnAr122nZal7g0HXEY1C2P2p1Ij5SsXcq+mYgogIK85dhOoD9H35Nh1xWx5UOv7kU53teJOpuI7s=","message":null,"name":"＊＊伟","phoneNo":"15256587052","result":"o","sessionId":"sso_backup_12!!RSpVlie0-54kHW3VqhS61FL1p32o8ilGlFddAJDDYn8jQnsuM0Y6!92424147","url":null}

2018-07-01 19:10:03：HTTP/1.1 200 OK
Server: openresty
Date: Sun, 01 Jul 2018 11:24:21 GMT
Content-Type: application/json;charset=UTF-8
Transfer-Encoding: chunked
Accept: application/json, text/javascript, */*; q=0.01
Accept-Encoding: gzip, deflate
Accept-Language: zh-CN,en-US;q=0.9
breadcrumbId: ID-ahmobile64-21224-1528982642014-0-627583526
clientType: android
Cookie: ssoId=sso_backup_12!!RSpVlie0-54kHW3VqhS61FL1p32o8ilGlFddAJDDYn8jQnsuM0Y6!92424147;JSESSIONID_ahmobile=c2f824bd-ea70-4240-aa69-f63107b1ad91;ZhangTing_H5_g=ZhangTing_H5_10;ZhangTing_http=ZhangTing_http_01;JSESSIONID=UIxVlikdFLaya59N2XBxBhU8afhaUq534jaZxB-BWYhhYToCGrS8!796423616;WT_FPC=id=23110e6cb435604383c1529984277593:lv=1529984277896:ss=1529984277593
eip_serv_id: app.getLoginInfo
Origin: http://api.ahmobile.cn:8081
token: f9decb14d4a0aef3b1229eaa3f554e72
X-Application-Context: queryDataflow:prodWeblogic:7094
X-Forwarded-For: 222.65.209.232
X-Requested-With: XMLHttpRequest
Connection: Keep-alive
Via: 1.1 ID-0314217266170452 uproxy-37

{"message":"success","data":{"idNo":"iL3d/WriAb7hODd0/kmyB9bq8m/4vbzLJsXqg/DAe23neikJAhpqba5droXzhZq5NMa7vqtFP18o6RrKWX9TqPSuhOtOstDoAr9fg9I+hbrcfdC9Y7R1WIgzf6aXz9fa2WSiwTp0uncAmRD6taZGAHjgKbHkiC1wkzMTZNLPGpw=","phoneNo":"hXLyNM9GyxKIqsd/tFBHTi/omkZweJq9HYwq44hzRhK3/pAZaMQ84L2r717qv9oaVIOz7WQteBnjePlUgINwkU1SLTY76b/oxuAW2WS8d3x7FtVvDMHHX3RVTlbth+v0P1gbKapXYQNzla43bbr4eoWfK9PPw7dB/c12uaseXlo=","phoneNoFull":"15256587052","phoneNoStar":"152****7052"},"code":"0"}

2018-07-01 19:10:03：HTTP/1.1 200 OK
Server: openresty
Date: Sun, 01 Jul 2018 11:24:22 GMT
Content-Type: application/json;charset=UTF-8
Transfer-Encoding: chunked
Accept: application/json, text/javascript, */*; q=0.01
Accept-Encoding: gzip, deflate
Accept-Language: zh-CN,en-US;q=0.9
BlueWareGuid: 53d7128dcf2188ac
breadcrumbId: ID-redhat6-5-02-42978-1528982790050-0-627484035
Content-Language: zh-CN
Cookie: ssoId=sso_backup_12!!RSpVlie0-54kHW3VqhS61FL1p32o8ilGlFddAJDDYn8jQnsuM0Y6!92424147;JSESSIONID_ahmobile=c2f824bd-ea70-4240-aa69-f63107b1ad91;ZhangTing_H5_g=ZhangTing_H5_10;ZhangTing_http=ZhangTing_http_01;JSESSIONID=UIxVlikdFLaya59N2XBxBhU8afhaUq534jaZxB-BWYhhYToCGrS8!796423616;WT_FPC=id=23110e6cb435604383c1529984277593:lv=1529984277896:ss=1529984277593
eip_serv_id: app.getCheckInDate
Origin: http://api.ahmobile.cn:8081
token: ffc6179a49cf4ddc411c7f93c28b56c6
X-BlueWare-App-Data: Olx7QXZqeFoQETA0NUEzBBkPNg0IESw+YQEuBEcyJhcCRzsFBDJ6HgQKAQorMTE/XAI0IgQRfkhaQGVbTVxyTH5maEUCfmB0TV0nBgZCd0xSGnVTfGo+FVR0ZG5ZUjFINw==
X-Forwarded-For: 222.65.209.232
X-Requested-With: XMLHttpRequest
Connection: Keep-alive
Via: 1.1 ID-0314217266170452 uproxy-38

{"remainDay":"您本月还需要签到&nbsp;<span>6天<\/span>&nbsp;即可获得奖励","button2":"今日已签到","pictureUrls":"http:\/\/ah.10086.cn\/upfile\/h5\/h5_test\/images\/newSign\/bg.png\n\n","totalFlow":"30M","code":"0","msg":"获取签到日期成功","flag":"1","month":7,"year":2018,"ckNum":"2452068","activityRule":"<p>活动名称：签到领福利<\/p>\n      <p>活动时间：2018年7月1日-2018年7月31日<\/p>\n      <p>活动规则：<\/p>\n      <p>1、每月首签、7天、14天、21天可获得签到奖品及福袋1个；<\/p>\n      <p>2、福袋需要用户分享后才可以拆开，福袋有效期72个小时，过期自动失效；<\/p>\n      <p>3、每天签到均有一定几率获得福袋和刮刮卡；<\/p>\n      <p>4、活动获赠流量需到“手厅-我的移动-领奖中心”领取后方可生效，流量领取后24小时内生效，当月月底自动失效；<\/p>\n      <p>5、活动赠送的“套餐外优惠流量”将在您无套餐流量可用时使用；<\/p>\n      <p>6、部分套餐用户暂不支持流量奖品领取，欠费报停等状态异常客户不可参加；<\/p>\n      <p>7、部分奖品存在无法重复领取限制；<\/p>\n      <p>8、部分奖品体验优惠到期后，如不取消，将正常收取费用；<\/p>","day":1,"insertFlag":"0","activityTime":"活动时间：\n2017年10月1日-2017年12月31日","button1":"告诉小伙伴","dateList":[{"CHECKDATE":"2018-07-01"}]}

2018-07-01 19:10:04：HTTP/1.1 200 OK
Server: openresty
Date: Sun, 01 Jul 2018 11:24:22 GMT
Content-Type: application/json;charset=UTF-8
Transfer-Encoding: chunked
Accept: */*
Accept-Encoding: gzip, deflate
Accept-Language: zh-CN,en-US;q=0.9
BlueWareGuid: b64f4b24f6042aea
breadcrumbId: ID-localhost-bss-rh6-ztnewapi06-35-75-49069-1528983140326-0-627310016
Content-Language: zh-CN
Cookie: ssoId=sso_backup_12!!RSpVlie0-54kHW3VqhS61FL1p32o8ilGlFddAJDDYn8jQnsuM0Y6!92424147;JSESSIONID_ahmobile=c2f824bd-ea70-4240-aa69-f63107b1ad91;ZhangTing_H5_g=ZhangTing_H5_10;ZhangTing_http=ZhangTing_http_01;JSESSIONID=UIxVlikdFLaya59N2XBxBhU8afhaUq534jaZxB-BWYhhYToCGrS8!796423616;WT_FPC=id=23110e6cb435604383c1529984277593:lv=1529984277896:ss=1529984277593
eip_serv_id: app.checkInIm
newCheck: 1
Origin: http://api.ahmobile.cn:8081
token: 30ca7bbd399e5aaee9e734300f528a8a
X-BlueWare-App-Data: Olx7QXpreFoQETA0NUEzBBkPNg0IESw+YQEuBEcyJhcCRzsFBDJ6GgkbIQkHPBMbEGp3Zk8DcEZIXntJUEZyVHdgb0AQajsjDV9+SAhYYR9VHHBWKGRqQgAnMDdDbg==
X-Forwarded-For: 222.65.209.232
X-Requested-With: XMLHttpRequest
Connection: Keep-alive
Via: 1.1 ID-0314217266170452 uproxy-39

{"message":"今日已签到","data":null,"code":"0"}

2018-07-01 19:10:04：array (
  'cookie' => 
  array (
  ),
  'response' => '{"message":"今日已签到","data":null,"code":"0"}',
)

